<?xml version="1.0" encoding="UTF-8"?>
<!-- Generated by org.testng.reporters.JUnitXMLReporter -->
<testsuite hostname="LP-5CD7521F3F" failures="0" tests="4" name="Google App Test Cases" time="94.595" errors="0" timestamp="15 Nov 2019 09:49:20 GMT">
  <testcase classname="com.google.qa.testcases.SearchPageTest" name="validateHomePageTitleTest" time="0.125"/>
  <testcase classname="com.google.qa.testcases.SearchPageTest" name="firstPageTest" time="4.59"/>
  <testcase classname="com.google.qa.testcases.SearchPageTest" name="firstPageTest" time="3.746"/>
  <testcase classname="com.google.qa.testcases.SearchPageTest" name="firstPageTest" time="6.582"/>
</testsuite> <!-- Google App Test Cases -->
