<?xml version="1.0" encoding="UTF-8"?>
<testng-results total="2" passed="2" failed="0" skipped="0">
  <reporter-output>
  </reporter-output>
  <suite started-at="2019-11-30T08:50:42Z" name="com.google.qa.testcases.SearchPageTest" finished-at="2019-11-30T08:51:46Z" duration-ms="64149">
    <groups>
    </groups>
    <test started-at="2019-11-30T08:50:42Z" name="Command line test" finished-at="2019-11-30T08:51:46Z" duration-ms="64149">
      <class name="com.google.qa.testcases.SearchPageTest">
        <test-method is-config="true" signature="setUp()[pri:0, instance:com.google.qa.testcases.SearchPageTest@587d1d39]" started-at="2019-11-30T14:20:42Z" name="setUp" finished-at="2019-11-30T14:21:03Z" duration-ms="20924" status="PASS">
          <reporter-output>
          </reporter-output>
        </test-method> <!-- setUp -->
        <test-method signature="validateHomePageTitleTest()[pri:0, instance:com.google.qa.testcases.SearchPageTest@587d1d39]" started-at="2019-11-30T14:21:03Z" name="validateHomePageTitleTest" finished-at="2019-11-30T14:21:03Z" duration-ms="258" status="PASS">
          <reporter-output>
          </reporter-output>
        </test-method> <!-- validateHomePageTitleTest -->
        <test-method is-config="true" signature="tearDown()[pri:0, instance:com.google.qa.testcases.SearchPageTest@587d1d39]" started-at="2019-11-30T14:21:03Z" name="tearDown" finished-at="2019-11-30T14:21:13Z" duration-ms="9603" status="PASS">
          <reporter-output>
          </reporter-output>
        </test-method> <!-- tearDown -->
        <test-method is-config="true" signature="setUp()[pri:0, instance:com.google.qa.testcases.SearchPageTest@587d1d39]" started-at="2019-11-30T14:21:14Z" name="setUp" finished-at="2019-11-30T14:21:35Z" duration-ms="20399" status="PASS">
          <reporter-output>
          </reporter-output>
        </test-method> <!-- setUp -->
        <test-method signature="firstPageTest(java.lang.String)[pri:0, instance:com.google.qa.testcases.SearchPageTest@587d1d39]" started-at="2019-11-30T14:21:35Z" name="firstPageTest" data-provider="getgoogleTestData" finished-at="2019-11-30T14:21:42Z" duration-ms="6713" status="PASS">
          <params>
            <param index="0">
              <value>
                <![CDATA[Mahesh]]>
              </value>
            </param>
          </params>
          <reporter-output>
          </reporter-output>
        </test-method> <!-- firstPageTest -->
        <test-method is-config="true" signature="tearDown()[pri:0, instance:com.google.qa.testcases.SearchPageTest@587d1d39]" started-at="2019-11-30T14:21:42Z" name="tearDown" finished-at="2019-11-30T14:21:46Z" duration-ms="4696" status="PASS">
          <reporter-output>
          </reporter-output>
        </test-method> <!-- tearDown -->
      </class> <!-- com.google.qa.testcases.SearchPageTest -->
    </test> <!-- Command line test -->
  </suite> <!-- com.google.qa.testcases.SearchPageTest -->
</testng-results>
